{"/Users/didrikforsberg/development/wdi-group-project/index.js":{"path":"/Users/didrikforsberg/development/wdi-group-project/index.js","s":{"1":1,"2":1,"3":1,"4":1,"5":1,"6":1,"7":1,"8":1,"9":1,"10":1,"11":1,"12":1,"13":1,"14":1,"15":1,"16":1,"17":1,"18":1,"19":1,"20":1,"21":1,"22":1,"23":0,"24":0,"25":0,"26":1,"27":1,"28":0,"29":1,"30":0,"31":1},"b":{"1":[1,1],"2":[0,0]},"f":{"1":0},"fnMap":{"1":{"name":"jwtErrorHandler","line":33,"loc":{"start":{"line":33,"column":0},"end":{"line":33,"column":45}}}},"statementMap":{"1":{"start":{"line":1,"column":0},"end":{"line":1,"column":38}},"2":{"start":{"line":2,"column":0},"end":{"line":2,"column":44}},"3":{"start":{"line":3,"column":0},"end":{"line":3,"column":29}},"4":{"start":{"line":4,"column":0},"end":{"line":4,"column":41}},"5":{"start":{"line":5,"column":0},"end":{"line":5,"column":43}},"6":{"start":{"line":6,"column":0},"end":{"line":6,"column":46}},"7":{"start":{"line":7,"column":0},"end":{"line":7,"column":42}},"8":{"start":{"line":8,"column":0},"end":{"line":8,"column":39}},"9":{"start":{"line":9,"column":0},"end":{"line":9,"column":39}},"10":{"start":{"line":10,"column":0},"end":{"line":10,"column":42}},"11":{"start":{"line":11,"column":0},"end":{"line":11,"column":37}},"12":{"start":{"line":12,"column":0},"end":{"line":12,"column":35}},"13":{"start":{"line":13,"column":0},"end":{"line":13,"column":35}},"14":{"start":{"line":16,"column":0},"end":{"line":16,"column":41}},"15":{"start":{"line":18,"column":0},"end":{"line":18,"column":23}},"16":{"start":{"line":19,"column":0},"end":{"line":19,"column":27}},"17":{"start":{"line":20,"column":0},"end":{"line":20,"column":51}},"18":{"start":{"line":21,"column":0},"end":{"line":21,"column":30}},"19":{"start":{"line":22,"column":0},"end":{"line":22,"column":16}},"20":{"start":{"line":25,"column":0},"end":{"line":30,"column":6}},"21":{"start":{"line":31,"column":0},"end":{"line":31,"column":25}},"22":{"start":{"line":33,"column":0},"end":{"line":36,"column":1}},"23":{"start":{"line":34,"column":2},"end":{"line":34,"column":54}},"24":{"start":{"line":34,"column":40},"end":{"line":34,"column":54}},"25":{"start":{"line":35,"column":2},"end":{"line":35,"column":68}},"26":{"start":{"line":38,"column":0},"end":{"line":38,"column":24}},"27":{"start":{"line":39,"column":0},"end":{"line":39,"column":64}},"28":{"start":{"line":39,"column":28},"end":{"line":39,"column":62}},"29":{"start":{"line":41,"column":0},"end":{"line":41,"column":76}},"30":{"start":{"line":41,"column":23},"end":{"line":41,"column":74}},"31":{"start":{"line":43,"column":0},"end":{"line":43,"column":21}}},"branchMap":{"1":{"line":2,"type":"binary-expr","locations":[{"start":{"line":2,"column":19},"end":{"line":2,"column":35}},{"start":{"line":2,"column":39},"end":{"line":2,"column":43}}]},"2":{"line":34,"type":"if","locations":[{"start":{"line":34,"column":2},"end":{"line":34,"column":2}},{"start":{"line":34,"column":2},"end":{"line":34,"column":2}}]}}},"/Users/didrikforsberg/development/wdi-group-project/config/env.js":{"path":"/Users/didrikforsberg/development/wdi-group-project/config/env.js","s":{"1":1},"b":{"1":[1,1],"2":[1,1]},"f":{},"fnMap":{},"statementMap":{"1":{"start":{"line":1,"column":0},"end":{"line":9,"column":2}}},"branchMap":{"1":{"line":6,"type":"binary-expr","locations":[{"start":{"line":6,"column":16},"end":{"line":6,"column":39}},{"start":{"line":6,"column":43},"end":{"line":6,"column":83}}]},"2":{"line":8,"type":"binary-expr","locations":[{"start":{"line":8,"column":10},"end":{"line":8,"column":28}},{"start":{"line":8,"column":32},"end":{"line":8,"column":56}}]}}},"/Users/didrikforsberg/development/wdi-group-project/config/routes.js":{"path":"/Users/didrikforsberg/development/wdi-group-project/config/routes.js","s":{"1":1,"2":1,"3":1,"4":1,"5":1,"6":1,"7":1,"8":1,"9":1,"10":1,"11":1,"12":1,"13":1,"14":1,"15":1},"b":{},"f":{},"fnMap":{},"statementMap":{"1":{"start":{"line":1,"column":0},"end":{"line":1,"column":43}},"2":{"start":{"line":2,"column":0},"end":{"line":2,"column":41}},"3":{"start":{"line":3,"column":0},"end":{"line":3,"column":56}},"4":{"start":{"line":4,"column":0},"end":{"line":4,"column":66}},"5":{"start":{"line":5,"column":0},"end":{"line":5,"column":56}},"6":{"start":{"line":6,"column":0},"end":{"line":6,"column":60}},"7":{"start":{"line":8,"column":0},"end":{"line":10,"column":20}},"8":{"start":{"line":12,"column":0},"end":{"line":15,"column":22}},"9":{"start":{"line":17,"column":0},"end":{"line":18,"column":32}},"10":{"start":{"line":19,"column":0},"end":{"line":20,"column":29}},"11":{"start":{"line":22,"column":0},"end":{"line":23,"column":18}},"12":{"start":{"line":25,"column":0},"end":{"line":28,"column":22}},"13":{"start":{"line":30,"column":0},"end":{"line":32,"column":24}},"14":{"start":{"line":34,"column":0},"end":{"line":37,"column":26}},"15":{"start":{"line":40,"column":0},"end":{"line":40,"column":24}}},"branchMap":{}},"/Users/didrikforsberg/development/wdi-group-project/controllers/tasks.js":{"path":"/Users/didrikforsberg/development/wdi-group-project/controllers/tasks.js","s":{"1":1,"2":1,"3":6,"4":6,"5":1,"6":0,"7":0,"8":0,"9":0,"10":0,"11":0,"12":1,"13":0,"14":0,"15":0,"16":0,"17":0,"18":1,"19":0,"20":0,"21":0,"22":0,"23":0,"24":0,"25":1,"26":0,"27":0,"28":0,"29":0,"30":0,"31":0,"32":1},"b":{"1":[0,0],"2":[0,0],"3":[0,0],"4":[0,0],"5":[0,0],"6":[0,0]},"f":{"1":6,"2":0,"3":0,"4":0,"5":0},"fnMap":{"1":{"name":"taskIndex","line":3,"loc":{"start":{"line":3,"column":0},"end":{"line":3,"column":34}}},"2":{"name":"taskShow","line":14,"loc":{"start":{"line":14,"column":0},"end":{"line":14,"column":33}}},"3":{"name":"taskCreate","line":31,"loc":{"start":{"line":31,"column":0},"end":{"line":31,"column":29}}},"4":{"name":"taskUpdate","line":39,"loc":{"start":{"line":39,"column":0},"end":{"line":39,"column":29}}},"5":{"name":"taskDelete","line":48,"loc":{"start":{"line":48,"column":0},"end":{"line":48,"column":29}}}},"statementMap":{"1":{"start":{"line":1,"column":0},"end":{"line":1,"column":39}},"2":{"start":{"line":3,"column":0},"end":{"line":12,"column":1}},"3":{"start":{"line":4,"column":2},"end":{"line":11,"column":15}},"4":{"start":{"line":9,"column":4},"end":{"line":9,"column":39}},"5":{"start":{"line":14,"column":0},"end":{"line":29,"column":1}},"6":{"start":{"line":15,"column":2},"end":{"line":27,"column":15}},"7":{"start":{"line":20,"column":4},"end":{"line":24,"column":5}},"8":{"start":{"line":21,"column":6},"end":{"line":21,"column":56}},"9":{"start":{"line":22,"column":6},"end":{"line":22,"column":25}},"10":{"start":{"line":23,"column":6},"end":{"line":23,"column":25}},"11":{"start":{"line":25,"column":4},"end":{"line":25,"column":38}},"12":{"start":{"line":31,"column":0},"end":{"line":37,"column":1}},"13":{"start":{"line":32,"column":2},"end":{"line":32,"column":34}},"14":{"start":{"line":33,"column":2},"end":{"line":36,"column":5}},"15":{"start":{"line":34,"column":4},"end":{"line":34,"column":82}},"16":{"start":{"line":34,"column":12},"end":{"line":34,"column":82}},"17":{"start":{"line":35,"column":4},"end":{"line":35,"column":38}},"18":{"start":{"line":39,"column":0},"end":{"line":46,"column":1}},"19":{"start":{"line":40,"column":2},"end":{"line":45,"column":7}},"20":{"start":{"line":42,"column":6},"end":{"line":42,"column":84}},"21":{"start":{"line":42,"column":14},"end":{"line":42,"column":84}},"22":{"start":{"line":43,"column":6},"end":{"line":43,"column":83}},"23":{"start":{"line":43,"column":16},"end":{"line":43,"column":83}},"24":{"start":{"line":44,"column":6},"end":{"line":44,"column":40}},"25":{"start":{"line":48,"column":0},"end":{"line":55,"column":1}},"26":{"start":{"line":49,"column":2},"end":{"line":54,"column":6}},"27":{"start":{"line":51,"column":5},"end":{"line":51,"column":77}},"28":{"start":{"line":51,"column":13},"end":{"line":51,"column":77}},"29":{"start":{"line":52,"column":5},"end":{"line":52,"column":80}},"30":{"start":{"line":52,"column":15},"end":{"line":52,"column":80}},"31":{"start":{"line":53,"column":5},"end":{"line":53,"column":71}},"32":{"start":{"line":57,"column":0},"end":{"line":63,"column":2}}},"branchMap":{"1":{"line":20,"type":"if","locations":[{"start":{"line":20,"column":4},"end":{"line":20,"column":4}},{"start":{"line":20,"column":4},"end":{"line":20,"column":4}}]},"2":{"line":34,"type":"if","locations":[{"start":{"line":34,"column":4},"end":{"line":34,"column":4}},{"start":{"line":34,"column":4},"end":{"line":34,"column":4}}]},"3":{"line":42,"type":"if","locations":[{"start":{"line":42,"column":6},"end":{"line":42,"column":6}},{"start":{"line":42,"column":6},"end":{"line":42,"column":6}}]},"4":{"line":43,"type":"if","locations":[{"start":{"line":43,"column":6},"end":{"line":43,"column":6}},{"start":{"line":43,"column":6},"end":{"line":43,"column":6}}]},"5":{"line":51,"type":"if","locations":[{"start":{"line":51,"column":5},"end":{"line":51,"column":5}},{"start":{"line":51,"column":5},"end":{"line":51,"column":5}}]},"6":{"line":52,"type":"if","locations":[{"start":{"line":52,"column":5},"end":{"line":52,"column":5}},{"start":{"line":52,"column":5},"end":{"line":52,"column":5}}]}}},"/Users/didrikforsberg/development/wdi-group-project/models/task.js":{"path":"/Users/didrikforsberg/development/wdi-group-project/models/task.js","s":{"1":1,"2":1,"3":1},"b":{},"f":{},"fnMap":{},"statementMap":{"1":{"start":{"line":1,"column":0},"end":{"line":1,"column":37}},"2":{"start":{"line":3,"column":0},"end":{"line":15,"column":3}},"3":{"start":{"line":30,"column":0},"end":{"line":30,"column":52}}},"branchMap":{}},"/Users/didrikforsberg/development/wdi-group-project/controllers/authentications.js":{"path":"/Users/didrikforsberg/development/wdi-group-project/controllers/authentications.js","s":{"1":1,"2":1,"3":1,"4":1,"5":22,"6":22,"7":0,"8":0,"9":22,"10":22,"11":1,"12":4,"13":4,"14":0,"15":4,"16":0,"17":4,"18":4,"19":1},"b":{"1":[0,22],"2":[0,4],"3":[0,4],"4":[4,4]},"f":{"1":22,"2":4},"fnMap":{"1":{"name":"authenticationsRegister","line":6,"loc":{"start":{"line":6,"column":0},"end":{"line":6,"column":43}}},"2":{"name":"authenticationsLogin","line":20,"loc":{"start":{"line":20,"column":0},"end":{"line":20,"column":40}}}},"statementMap":{"1":{"start":{"line":1,"column":0},"end":{"line":1,"column":41}},"2":{"start":{"line":2,"column":0},"end":{"line":2,"column":42}},"3":{"start":{"line":3,"column":0},"end":{"line":3,"column":36}},"4":{"start":{"line":6,"column":0},"end":{"line":19,"column":1}},"5":{"start":{"line":7,"column":2},"end":{"line":18,"column":5}},"6":{"start":{"line":8,"column":4},"end":{"line":11,"column":5}},"7":{"start":{"line":9,"column":6},"end":{"line":9,"column":34}},"8":{"start":{"line":10,"column":6},"end":{"line":10,"column":71}},"9":{"start":{"line":12,"column":4},"end":{"line":12,"column":110}},"10":{"start":{"line":13,"column":4},"end":{"line":17,"column":7}},"11":{"start":{"line":20,"column":0},"end":{"line":35,"column":1}},"12":{"start":{"line":21,"column":2},"end":{"line":34,"column":5}},"13":{"start":{"line":22,"column":4},"end":{"line":22,"column":79}},"14":{"start":{"line":22,"column":13},"end":{"line":22,"column":79}},"15":{"start":{"line":23,"column":4},"end":{"line":25,"column":5}},"16":{"start":{"line":24,"column":6},"end":{"line":24,"column":62}},"17":{"start":{"line":27,"column":4},"end":{"line":27,"column":110}},"18":{"start":{"line":29,"column":4},"end":{"line":33,"column":7}},"19":{"start":{"line":38,"column":0},"end":{"line":41,"column":2}}},"branchMap":{"1":{"line":8,"type":"if","locations":[{"start":{"line":8,"column":4},"end":{"line":8,"column":4}},{"start":{"line":8,"column":4},"end":{"line":8,"column":4}}]},"2":{"line":22,"type":"if","locations":[{"start":{"line":22,"column":4},"end":{"line":22,"column":4}},{"start":{"line":22,"column":4},"end":{"line":22,"column":4}}]},"3":{"line":23,"type":"if","locations":[{"start":{"line":23,"column":4},"end":{"line":23,"column":4}},{"start":{"line":23,"column":4},"end":{"line":23,"column":4}}]},"4":{"line":23,"type":"binary-expr","locations":[{"start":{"line":23,"column":8},"end":{"line":23,"column":13}},{"start":{"line":23,"column":17},"end":{"line":23,"column":58}}]}}},"/Users/didrikforsberg/development/wdi-group-project/models/user.js":{"path":"/Users/didrikforsberg/development/wdi-group-project/models/user.js","s":{"1":1,"2":1,"3":1,"4":1,"5":1,"6":1,"7":1,"8":1,"9":1,"10":1,"11":34,"12":34,"13":34,"14":1,"15":1,"16":22,"17":22,"18":1,"19":22,"20":1,"21":22,"22":22,"23":0,"24":22,"25":0,"26":22,"27":0,"28":1,"29":22,"30":0,"31":1,"32":4},"b":{"1":[22,0],"2":[0,22],"3":[0,22],"4":[0,22],"5":[0,22]},"f":{"1":34,"2":22,"3":22,"4":22,"5":22,"6":4},"fnMap":{"1":{"name":"(anonymous_1)","line":36,"loc":{"start":{"line":36,"column":13},"end":{"line":36,"column":32}}},"2":{"name":"setPassword","line":45,"loc":{"start":{"line":45,"column":0},"end":{"line":45,"column":27}}},"3":{"name":"setPasswordConfirmation","line":50,"loc":{"start":{"line":50,"column":0},"end":{"line":50,"column":55}}},"4":{"name":"validatePasswordHash","line":54,"loc":{"start":{"line":54,"column":0},"end":{"line":54,"column":32}}},"5":{"name":"validateEmail","line":68,"loc":{"start":{"line":68,"column":0},"end":{"line":68,"column":30}}},"6":{"name":"validatePassword","line":74,"loc":{"start":{"line":74,"column":0},"end":{"line":74,"column":36}}}},"statementMap":{"1":{"start":{"line":1,"column":0},"end":{"line":1,"column":38}},"2":{"start":{"line":2,"column":0},"end":{"line":2,"column":36}},"3":{"start":{"line":3,"column":0},"end":{"line":3,"column":39}},"4":{"start":{"line":6,"column":0},"end":{"line":14,"column":3}},"5":{"start":{"line":16,"column":0},"end":{"line":18,"column":20}},"6":{"start":{"line":20,"column":0},"end":{"line":22,"column":32}},"7":{"start":{"line":24,"column":0},"end":{"line":26,"column":34}},"8":{"start":{"line":28,"column":0},"end":{"line":30,"column":27}},"9":{"start":{"line":33,"column":0},"end":{"line":33,"column":55}},"10":{"start":{"line":35,"column":0},"end":{"line":41,"column":3}},"11":{"start":{"line":37,"column":4},"end":{"line":37,"column":28}},"12":{"start":{"line":38,"column":4},"end":{"line":38,"column":19}},"13":{"start":{"line":39,"column":4},"end":{"line":39,"column":15}},"14":{"start":{"line":43,"column":0},"end":{"line":43,"column":52}},"15":{"start":{"line":45,"column":0},"end":{"line":48,"column":1}},"16":{"start":{"line":46,"column":2},"end":{"line":46,"column":25}},"17":{"start":{"line":47,"column":2},"end":{"line":47,"column":68}},"18":{"start":{"line":50,"column":0},"end":{"line":52,"column":1}},"19":{"start":{"line":51,"column":2},"end":{"line":51,"column":52}},"20":{"start":{"line":54,"column":0},"end":{"line":66,"column":1}},"21":{"start":{"line":55,"column":2},"end":{"line":65,"column":3}},"22":{"start":{"line":56,"column":4},"end":{"line":58,"column":5}},"23":{"start":{"line":57,"column":6},"end":{"line":57,"column":63}},"24":{"start":{"line":59,"column":4},"end":{"line":61,"column":5}},"25":{"start":{"line":60,"column":6},"end":{"line":60,"column":68}},"26":{"start":{"line":62,"column":4},"end":{"line":64,"column":5}},"27":{"start":{"line":63,"column":6},"end":{"line":63,"column":80}},"28":{"start":{"line":68,"column":0},"end":{"line":72,"column":1}},"29":{"start":{"line":69,"column":2},"end":{"line":71,"column":3}},"30":{"start":{"line":70,"column":4},"end":{"line":70,"column":68}},"31":{"start":{"line":74,"column":0},"end":{"line":76,"column":1}},"32":{"start":{"line":75,"column":2},"end":{"line":75,"column":57}}},"branchMap":{"1":{"line":55,"type":"if","locations":[{"start":{"line":55,"column":2},"end":{"line":55,"column":2}},{"start":{"line":55,"column":2},"end":{"line":55,"column":2}}]},"2":{"line":56,"type":"if","locations":[{"start":{"line":56,"column":4},"end":{"line":56,"column":4}},{"start":{"line":56,"column":4},"end":{"line":56,"column":4}}]},"3":{"line":59,"type":"if","locations":[{"start":{"line":59,"column":4},"end":{"line":59,"column":4}},{"start":{"line":59,"column":4},"end":{"line":59,"column":4}}]},"4":{"line":62,"type":"if","locations":[{"start":{"line":62,"column":4},"end":{"line":62,"column":4}},{"start":{"line":62,"column":4},"end":{"line":62,"column":4}}]},"5":{"line":69,"type":"if","locations":[{"start":{"line":69,"column":2},"end":{"line":69,"column":2}},{"start":{"line":69,"column":2},"end":{"line":69,"column":2}}]}}},"/Users/didrikforsberg/development/wdi-group-project/controllers/users.js":{"path":"/Users/didrikforsberg/development/wdi-group-project/controllers/users.js","s":{"1":1,"2":1,"3":4,"4":4,"5":0,"6":4,"7":1,"8":2,"9":2,"10":0,"11":2,"12":0,"13":2,"14":1,"15":2,"16":2,"17":0,"18":2,"19":0,"20":2,"21":1,"22":1,"23":1,"24":0,"25":1,"26":0,"27":1,"28":1},"b":{"1":[0,4],"2":[0,2],"3":[0,2],"4":[0,2],"5":[0,2],"6":[0,1],"7":[0,1]},"f":{"1":4,"2":2,"3":2,"4":1},"fnMap":{"1":{"name":"usersIndex","line":4,"loc":{"start":{"line":4,"column":0},"end":{"line":4,"column":30}}},"2":{"name":"usersShow","line":11,"loc":{"start":{"line":11,"column":0},"end":{"line":11,"column":29}}},"3":{"name":"usersUpdate","line":19,"loc":{"start":{"line":19,"column":0},"end":{"line":19,"column":31}}},"4":{"name":"usersDelete","line":27,"loc":{"start":{"line":27,"column":0},"end":{"line":27,"column":31}}}},"statementMap":{"1":{"start":{"line":1,"column":0},"end":{"line":1,"column":39}},"2":{"start":{"line":4,"column":0},"end":{"line":9,"column":1}},"3":{"start":{"line":5,"column":2},"end":{"line":8,"column":5}},"4":{"start":{"line":6,"column":4},"end":{"line":6,"column":78}},"5":{"start":{"line":6,"column":13},"end":{"line":6,"column":78}},"6":{"start":{"line":7,"column":4},"end":{"line":7,"column":39}},"7":{"start":{"line":11,"column":0},"end":{"line":17,"column":1}},"8":{"start":{"line":12,"column":2},"end":{"line":16,"column":5}},"9":{"start":{"line":13,"column":4},"end":{"line":13,"column":78}},"10":{"start":{"line":13,"column":13},"end":{"line":13,"column":78}},"11":{"start":{"line":14,"column":4},"end":{"line":14,"column":74}},"12":{"start":{"line":14,"column":15},"end":{"line":14,"column":74}},"13":{"start":{"line":15,"column":4},"end":{"line":15,"column":38}},"14":{"start":{"line":19,"column":0},"end":{"line":25,"column":1}},"15":{"start":{"line":20,"column":2},"end":{"line":24,"column":5}},"16":{"start":{"line":21,"column":4},"end":{"line":21,"column":79}},"17":{"start":{"line":21,"column":13},"end":{"line":21,"column":79}},"18":{"start":{"line":22,"column":4},"end":{"line":22,"column":75}},"19":{"start":{"line":22,"column":15},"end":{"line":22,"column":75}},"20":{"start":{"line":23,"column":4},"end":{"line":23,"column":38}},"21":{"start":{"line":27,"column":0},"end":{"line":33,"column":1}},"22":{"start":{"line":28,"column":2},"end":{"line":32,"column":5}},"23":{"start":{"line":29,"column":4},"end":{"line":29,"column":79}},"24":{"start":{"line":29,"column":13},"end":{"line":29,"column":79}},"25":{"start":{"line":30,"column":4},"end":{"line":30,"column":75}},"26":{"start":{"line":30,"column":15},"end":{"line":30,"column":75}},"27":{"start":{"line":31,"column":4},"end":{"line":31,"column":31}},"28":{"start":{"line":36,"column":0},"end":{"line":41,"column":2}}},"branchMap":{"1":{"line":6,"type":"if","locations":[{"start":{"line":6,"column":4},"end":{"line":6,"column":4}},{"start":{"line":6,"column":4},"end":{"line":6,"column":4}}]},"2":{"line":13,"type":"if","locations":[{"start":{"line":13,"column":4},"end":{"line":13,"column":4}},{"start":{"line":13,"column":4},"end":{"line":13,"column":4}}]},"3":{"line":14,"type":"if","locations":[{"start":{"line":14,"column":4},"end":{"line":14,"column":4}},{"start":{"line":14,"column":4},"end":{"line":14,"column":4}}]},"4":{"line":21,"type":"if","locations":[{"start":{"line":21,"column":4},"end":{"line":21,"column":4}},{"start":{"line":21,"column":4},"end":{"line":21,"column":4}}]},"5":{"line":22,"type":"if","locations":[{"start":{"line":22,"column":4},"end":{"line":22,"column":4}},{"start":{"line":22,"column":4},"end":{"line":22,"column":4}}]},"6":{"line":29,"type":"if","locations":[{"start":{"line":29,"column":4},"end":{"line":29,"column":4}},{"start":{"line":29,"column":4},"end":{"line":29,"column":4}}]},"7":{"line":30,"type":"if","locations":[{"start":{"line":30,"column":4},"end":{"line":30,"column":4}},{"start":{"line":30,"column":4},"end":{"line":30,"column":4}}]}}},"/Users/didrikforsberg/development/wdi-group-project/controllers/charities.js":{"path":"/Users/didrikforsberg/development/wdi-group-project/controllers/charities.js","s":{"1":1,"2":1,"3":0,"4":0,"5":1,"6":0,"7":0,"8":0,"9":0,"10":0,"11":0,"12":1,"13":0,"14":0,"15":0,"16":0,"17":0,"18":1,"19":0,"20":0,"21":0,"22":0,"23":0,"24":0,"25":1,"26":0,"27":0,"28":0,"29":0,"30":0,"31":0,"32":1},"b":{"1":[0,0],"2":[0,0],"3":[0,0],"4":[0,0],"5":[0,0],"6":[0,0]},"f":{"1":0,"2":0,"3":0,"4":0,"5":0},"fnMap":{"1":{"name":"charityIndex","line":3,"loc":{"start":{"line":3,"column":0},"end":{"line":3,"column":37}}},"2":{"name":"charityShow","line":13,"loc":{"start":{"line":13,"column":0},"end":{"line":13,"column":37}}},"3":{"name":"charityCreate","line":28,"loc":{"start":{"line":28,"column":0},"end":{"line":28,"column":33}}},"4":{"name":"charityUpdate","line":36,"loc":{"start":{"line":36,"column":0},"end":{"line":36,"column":33}}},"5":{"name":"charityDelete","line":45,"loc":{"start":{"line":45,"column":0},"end":{"line":45,"column":33}}}},"statementMap":{"1":{"start":{"line":1,"column":0},"end":{"line":1,"column":45}},"2":{"start":{"line":3,"column":0},"end":{"line":11,"column":1}},"3":{"start":{"line":4,"column":2},"end":{"line":10,"column":17}},"4":{"start":{"line":8,"column":6},"end":{"line":8,"column":45}},"5":{"start":{"line":13,"column":0},"end":{"line":26,"column":1}},"6":{"start":{"line":14,"column":2},"end":{"line":25,"column":17}},"7":{"start":{"line":18,"column":6},"end":{"line":22,"column":7}},"8":{"start":{"line":19,"column":8},"end":{"line":19,"column":52}},"9":{"start":{"line":20,"column":8},"end":{"line":20,"column":27}},"10":{"start":{"line":21,"column":8},"end":{"line":21,"column":27}},"11":{"start":{"line":23,"column":6},"end":{"line":23,"column":43}},"12":{"start":{"line":28,"column":0},"end":{"line":34,"column":1}},"13":{"start":{"line":29,"column":2},"end":{"line":29,"column":40}},"14":{"start":{"line":30,"column":2},"end":{"line":33,"column":5}},"15":{"start":{"line":31,"column":4},"end":{"line":31,"column":77}},"16":{"start":{"line":31,"column":12},"end":{"line":31,"column":77}},"17":{"start":{"line":32,"column":4},"end":{"line":32,"column":41}},"18":{"start":{"line":36,"column":0},"end":{"line":43,"column":1}},"19":{"start":{"line":37,"column":2},"end":{"line":42,"column":7}},"20":{"start":{"line":39,"column":6},"end":{"line":39,"column":79}},"21":{"start":{"line":39,"column":14},"end":{"line":39,"column":79}},"22":{"start":{"line":40,"column":6},"end":{"line":40,"column":80}},"23":{"start":{"line":40,"column":19},"end":{"line":40,"column":80}},"24":{"start":{"line":41,"column":6},"end":{"line":41,"column":43}},"25":{"start":{"line":45,"column":0},"end":{"line":52,"column":1}},"26":{"start":{"line":46,"column":2},"end":{"line":51,"column":7}},"27":{"start":{"line":48,"column":6},"end":{"line":48,"column":79}},"28":{"start":{"line":48,"column":14},"end":{"line":48,"column":79}},"29":{"start":{"line":49,"column":6},"end":{"line":49,"column":75}},"30":{"start":{"line":49,"column":16},"end":{"line":49,"column":75}},"31":{"start":{"line":50,"column":6},"end":{"line":50,"column":78}},"32":{"start":{"line":54,"column":0},"end":{"line":60,"column":2}}},"branchMap":{"1":{"line":18,"type":"if","locations":[{"start":{"line":18,"column":6},"end":{"line":18,"column":6}},{"start":{"line":18,"column":6},"end":{"line":18,"column":6}}]},"2":{"line":31,"type":"if","locations":[{"start":{"line":31,"column":4},"end":{"line":31,"column":4}},{"start":{"line":31,"column":4},"end":{"line":31,"column":4}}]},"3":{"line":39,"type":"if","locations":[{"start":{"line":39,"column":6},"end":{"line":39,"column":6}},{"start":{"line":39,"column":6},"end":{"line":39,"column":6}}]},"4":{"line":40,"type":"if","locations":[{"start":{"line":40,"column":6},"end":{"line":40,"column":6}},{"start":{"line":40,"column":6},"end":{"line":40,"column":6}}]},"5":{"line":48,"type":"if","locations":[{"start":{"line":48,"column":6},"end":{"line":48,"column":6}},{"start":{"line":48,"column":6},"end":{"line":48,"column":6}}]},"6":{"line":49,"type":"if","locations":[{"start":{"line":49,"column":6},"end":{"line":49,"column":6}},{"start":{"line":49,"column":6},"end":{"line":49,"column":6}}]}}},"/Users/didrikforsberg/development/wdi-group-project/models/charity.js":{"path":"/Users/didrikforsberg/development/wdi-group-project/models/charity.js","s":{"1":1,"2":1,"3":1},"b":{},"f":{},"fnMap":{},"statementMap":{"1":{"start":{"line":1,"column":0},"end":{"line":1,"column":37}},"2":{"start":{"line":3,"column":0},"end":{"line":8,"column":3}},"3":{"start":{"line":10,"column":0},"end":{"line":10,"column":58}}},"branchMap":{}}}