{"/Users/horacekeating/development/wdi-group-project/index.js":{"path":"/Users/horacekeating/development/wdi-group-project/index.js","s":{"1":1,"2":1,"3":1,"4":1,"5":1,"6":1,"7":1,"8":1,"9":1,"10":1,"11":1,"12":1,"13":1,"14":1,"15":1,"16":1,"17":1,"18":1,"19":1,"20":0,"21":0,"22":0,"23":1,"24":1,"25":1,"26":1,"27":1,"28":1},"b":{"1":[1,1],"2":[0,0]},"f":{"1":0},"fnMap":{"1":{"name":"jwtErrorHandler","line":36,"loc":{"start":{"line":36,"column":0},"end":{"line":36,"column":45}}}},"statementMap":{"1":{"start":{"line":1,"column":0},"end":{"line":1,"column":38}},"2":{"start":{"line":2,"column":0},"end":{"line":2,"column":44}},"3":{"start":{"line":3,"column":0},"end":{"line":3,"column":29}},"4":{"start":{"line":4,"column":0},"end":{"line":4,"column":41}},"5":{"start":{"line":5,"column":0},"end":{"line":5,"column":43}},"6":{"start":{"line":6,"column":0},"end":{"line":6,"column":46}},"7":{"start":{"line":7,"column":0},"end":{"line":7,"column":42}},"8":{"start":{"line":8,"column":0},"end":{"line":8,"column":39}},"9":{"start":{"line":9,"column":0},"end":{"line":9,"column":39}},"10":{"start":{"line":10,"column":0},"end":{"line":10,"column":42}},"11":{"start":{"line":11,"column":0},"end":{"line":11,"column":37}},"12":{"start":{"line":14,"column":0},"end":{"line":14,"column":28}},"13":{"start":{"line":16,"column":0},"end":{"line":16,"column":23}},"14":{"start":{"line":17,"column":0},"end":{"line":17,"column":27}},"15":{"start":{"line":18,"column":0},"end":{"line":18,"column":51}},"16":{"start":{"line":19,"column":0},"end":{"line":19,"column":30}},"17":{"start":{"line":27,"column":0},"end":{"line":33,"column":6}},"18":{"start":{"line":34,"column":0},"end":{"line":34,"column":25}},"19":{"start":{"line":36,"column":0},"end":{"line":39,"column":1}},"20":{"start":{"line":37,"column":2},"end":{"line":37,"column":54}},"21":{"start":{"line":37,"column":40},"end":{"line":37,"column":54}},"22":{"start":{"line":38,"column":2},"end":{"line":38,"column":68}},"23":{"start":{"line":47,"column":0},"end":{"line":47,"column":24}},"24":{"start":{"line":48,"column":0},"end":{"line":48,"column":64}},"25":{"start":{"line":48,"column":28},"end":{"line":48,"column":62}},"26":{"start":{"line":50,"column":0},"end":{"line":50,"column":76}},"27":{"start":{"line":50,"column":23},"end":{"line":50,"column":74}},"28":{"start":{"line":52,"column":0},"end":{"line":52,"column":21}}},"branchMap":{"1":{"line":2,"type":"binary-expr","locations":[{"start":{"line":2,"column":19},"end":{"line":2,"column":35}},{"start":{"line":2,"column":39},"end":{"line":2,"column":43}}]},"2":{"line":37,"type":"if","locations":[{"start":{"line":37,"column":2},"end":{"line":37,"column":2}},{"start":{"line":37,"column":2},"end":{"line":37,"column":2}}]}}},"/Users/horacekeating/development/wdi-group-project/config/env.js":{"path":"/Users/horacekeating/development/wdi-group-project/config/env.js","s":{"1":1},"b":{"1":[1,1]},"f":{},"fnMap":{},"statementMap":{"1":{"start":{"line":1,"column":0},"end":{"line":5,"column":2}}},"branchMap":{"1":{"line":4,"type":"binary-expr","locations":[{"start":{"line":4,"column":10},"end":{"line":4,"column":28}},{"start":{"line":4,"column":32},"end":{"line":4,"column":56}}]}}},"/Users/horacekeating/development/wdi-group-project/config/routes.js":{"path":"/Users/horacekeating/development/wdi-group-project/config/routes.js","s":{"1":1,"2":1,"3":1,"4":1,"5":1,"6":1,"7":1,"8":1,"9":1,"10":1,"11":1},"b":{},"f":{},"fnMap":{},"statementMap":{"1":{"start":{"line":1,"column":0},"end":{"line":1,"column":43}},"2":{"start":{"line":2,"column":0},"end":{"line":2,"column":41}},"3":{"start":{"line":3,"column":0},"end":{"line":3,"column":56}},"4":{"start":{"line":4,"column":0},"end":{"line":4,"column":66}},"5":{"start":{"line":5,"column":0},"end":{"line":5,"column":56}},"6":{"start":{"line":7,"column":0},"end":{"line":8,"column":18}},"7":{"start":{"line":16,"column":0},"end":{"line":17,"column":32}},"8":{"start":{"line":18,"column":0},"end":{"line":19,"column":29}},"9":{"start":{"line":21,"column":0},"end":{"line":22,"column":18}},"10":{"start":{"line":24,"column":0},"end":{"line":27,"column":22}},"11":{"start":{"line":30,"column":0},"end":{"line":30,"column":24}}},"branchMap":{}},"/Users/horacekeating/development/wdi-group-project/controllers/tasks.js":{"path":"/Users/horacekeating/development/wdi-group-project/controllers/tasks.js","s":{"1":1,"2":1,"3":0,"4":0,"5":1,"6":0,"7":0,"8":0,"9":0,"10":0,"11":0,"12":1,"13":0,"14":0,"15":0,"16":0,"17":0,"18":1,"19":0,"20":0,"21":0,"22":0,"23":0,"24":0,"25":1,"26":0,"27":0,"28":0,"29":0,"30":0,"31":0,"32":1},"b":{"1":[0,0],"2":[0,0],"3":[0,0],"4":[0,0],"5":[0,0],"6":[0,0]},"f":{"1":0,"2":0,"3":0,"4":0,"5":0},"fnMap":{"1":{"name":"taskIndex","line":3,"loc":{"start":{"line":3,"column":0},"end":{"line":3,"column":34}}},"2":{"name":"taskShow","line":13,"loc":{"start":{"line":13,"column":0},"end":{"line":13,"column":33}}},"3":{"name":"taskCreate","line":29,"loc":{"start":{"line":29,"column":0},"end":{"line":29,"column":29}}},"4":{"name":"taskUpdate","line":37,"loc":{"start":{"line":37,"column":0},"end":{"line":37,"column":29}}},"5":{"name":"taskDelete","line":46,"loc":{"start":{"line":46,"column":0},"end":{"line":46,"column":29}}}},"statementMap":{"1":{"start":{"line":1,"column":0},"end":{"line":1,"column":39}},"2":{"start":{"line":3,"column":0},"end":{"line":11,"column":1}},"3":{"start":{"line":4,"column":2},"end":{"line":10,"column":15}},"4":{"start":{"line":8,"column":4},"end":{"line":8,"column":39}},"5":{"start":{"line":13,"column":0},"end":{"line":27,"column":1}},"6":{"start":{"line":14,"column":2},"end":{"line":25,"column":15}},"7":{"start":{"line":18,"column":4},"end":{"line":22,"column":5}},"8":{"start":{"line":19,"column":6},"end":{"line":19,"column":56}},"9":{"start":{"line":20,"column":6},"end":{"line":20,"column":25}},"10":{"start":{"line":21,"column":6},"end":{"line":21,"column":25}},"11":{"start":{"line":23,"column":4},"end":{"line":23,"column":38}},"12":{"start":{"line":29,"column":0},"end":{"line":35,"column":1}},"13":{"start":{"line":30,"column":2},"end":{"line":30,"column":34}},"14":{"start":{"line":31,"column":2},"end":{"line":34,"column":5}},"15":{"start":{"line":32,"column":4},"end":{"line":32,"column":82}},"16":{"start":{"line":32,"column":12},"end":{"line":32,"column":82}},"17":{"start":{"line":33,"column":4},"end":{"line":33,"column":38}},"18":{"start":{"line":37,"column":0},"end":{"line":44,"column":1}},"19":{"start":{"line":38,"column":2},"end":{"line":43,"column":7}},"20":{"start":{"line":40,"column":6},"end":{"line":40,"column":84}},"21":{"start":{"line":40,"column":14},"end":{"line":40,"column":84}},"22":{"start":{"line":41,"column":6},"end":{"line":41,"column":83}},"23":{"start":{"line":41,"column":16},"end":{"line":41,"column":83}},"24":{"start":{"line":42,"column":6},"end":{"line":42,"column":40}},"25":{"start":{"line":46,"column":0},"end":{"line":53,"column":1}},"26":{"start":{"line":47,"column":2},"end":{"line":52,"column":6}},"27":{"start":{"line":49,"column":5},"end":{"line":49,"column":77}},"28":{"start":{"line":49,"column":13},"end":{"line":49,"column":77}},"29":{"start":{"line":50,"column":5},"end":{"line":50,"column":80}},"30":{"start":{"line":50,"column":15},"end":{"line":50,"column":80}},"31":{"start":{"line":51,"column":5},"end":{"line":51,"column":71}},"32":{"start":{"line":55,"column":0},"end":{"line":61,"column":2}}},"branchMap":{"1":{"line":18,"type":"if","locations":[{"start":{"line":18,"column":4},"end":{"line":18,"column":4}},{"start":{"line":18,"column":4},"end":{"line":18,"column":4}}]},"2":{"line":32,"type":"if","locations":[{"start":{"line":32,"column":4},"end":{"line":32,"column":4}},{"start":{"line":32,"column":4},"end":{"line":32,"column":4}}]},"3":{"line":40,"type":"if","locations":[{"start":{"line":40,"column":6},"end":{"line":40,"column":6}},{"start":{"line":40,"column":6},"end":{"line":40,"column":6}}]},"4":{"line":41,"type":"if","locations":[{"start":{"line":41,"column":6},"end":{"line":41,"column":6}},{"start":{"line":41,"column":6},"end":{"line":41,"column":6}}]},"5":{"line":49,"type":"if","locations":[{"start":{"line":49,"column":5},"end":{"line":49,"column":5}},{"start":{"line":49,"column":5},"end":{"line":49,"column":5}}]},"6":{"line":50,"type":"if","locations":[{"start":{"line":50,"column":5},"end":{"line":50,"column":5}},{"start":{"line":50,"column":5},"end":{"line":50,"column":5}}]}}},"/Users/horacekeating/development/wdi-group-project/models/task.js":{"path":"/Users/horacekeating/development/wdi-group-project/models/task.js","s":{"1":1,"2":1,"3":1,"4":1,"5":0,"6":1,"7":0,"8":1},"b":{},"f":{"1":0,"2":0},"fnMap":{"1":{"name":"convertToDecimal","line":17,"loc":{"start":{"line":17,"column":0},"end":{"line":17,"column":32}}},"2":{"name":"convertFromDecimal","line":21,"loc":{"start":{"line":21,"column":0},"end":{"line":21,"column":34}}}},"statementMap":{"1":{"start":{"line":1,"column":0},"end":{"line":1,"column":37}},"2":{"start":{"line":3,"column":0},"end":{"line":10,"column":3}},"3":{"start":{"line":12,"column":0},"end":{"line":15,"column":27}},"4":{"start":{"line":17,"column":0},"end":{"line":19,"column":1}},"5":{"start":{"line":18,"column":2},"end":{"line":18,"column":31}},"6":{"start":{"line":21,"column":0},"end":{"line":23,"column":1}},"7":{"start":{"line":22,"column":2},"end":{"line":22,"column":21}},"8":{"start":{"line":24,"column":0},"end":{"line":24,"column":52}}},"branchMap":{}},"/Users/horacekeating/development/wdi-group-project/controllers/authentications.js":{"path":"/Users/horacekeating/development/wdi-group-project/controllers/authentications.js","s":{"1":1,"2":1,"3":1,"4":1,"5":0,"6":0,"7":0,"8":0,"9":0,"10":1,"11":0,"12":0,"13":0,"14":0,"15":0,"16":0,"17":0,"18":1},"b":{"1":[0,0],"2":[0,0],"3":[0,0],"4":[0,0]},"f":{"1":0,"2":0},"fnMap":{"1":{"name":"authenticationsRegister","line":6,"loc":{"start":{"line":6,"column":0},"end":{"line":6,"column":43}}},"2":{"name":"authenticationsLogin","line":18,"loc":{"start":{"line":18,"column":0},"end":{"line":18,"column":40}}}},"statementMap":{"1":{"start":{"line":1,"column":0},"end":{"line":1,"column":41}},"2":{"start":{"line":2,"column":0},"end":{"line":2,"column":42}},"3":{"start":{"line":3,"column":0},"end":{"line":3,"column":36}},"4":{"start":{"line":6,"column":0},"end":{"line":17,"column":1}},"5":{"start":{"line":7,"column":2},"end":{"line":16,"column":5}},"6":{"start":{"line":8,"column":4},"end":{"line":8,"column":78}},"7":{"start":{"line":8,"column":13},"end":{"line":8,"column":78}},"8":{"start":{"line":10,"column":4},"end":{"line":10,"column":110}},"9":{"start":{"line":11,"column":4},"end":{"line":15,"column":7}},"10":{"start":{"line":18,"column":0},"end":{"line":33,"column":1}},"11":{"start":{"line":19,"column":2},"end":{"line":32,"column":5}},"12":{"start":{"line":20,"column":4},"end":{"line":20,"column":79}},"13":{"start":{"line":20,"column":13},"end":{"line":20,"column":79}},"14":{"start":{"line":21,"column":4},"end":{"line":23,"column":5}},"15":{"start":{"line":22,"column":6},"end":{"line":22,"column":62}},"16":{"start":{"line":25,"column":4},"end":{"line":25,"column":77}},"17":{"start":{"line":27,"column":4},"end":{"line":31,"column":7}},"18":{"start":{"line":36,"column":0},"end":{"line":39,"column":2}}},"branchMap":{"1":{"line":8,"type":"if","locations":[{"start":{"line":8,"column":4},"end":{"line":8,"column":4}},{"start":{"line":8,"column":4},"end":{"line":8,"column":4}}]},"2":{"line":20,"type":"if","locations":[{"start":{"line":20,"column":4},"end":{"line":20,"column":4}},{"start":{"line":20,"column":4},"end":{"line":20,"column":4}}]},"3":{"line":21,"type":"if","locations":[{"start":{"line":21,"column":4},"end":{"line":21,"column":4}},{"start":{"line":21,"column":4},"end":{"line":21,"column":4}}]},"4":{"line":21,"type":"binary-expr","locations":[{"start":{"line":21,"column":8},"end":{"line":21,"column":13}},{"start":{"line":21,"column":17},"end":{"line":21,"column":58}}]}}},"/Users/horacekeating/development/wdi-group-project/models/user.js":{"path":"/Users/horacekeating/development/wdi-group-project/models/user.js","s":{"1":1,"2":1,"3":1,"4":1,"5":1,"6":1,"7":1,"8":1,"9":1,"10":1,"11":0,"12":0,"13":0,"14":1,"15":1,"16":0,"17":0,"18":1,"19":0,"20":1,"21":0,"22":0,"23":0,"24":0,"25":0,"26":0,"27":0,"28":1,"29":0,"30":0,"31":1,"32":0},"b":{"1":[0,0],"2":[0,0],"3":[0,0],"4":[0,0],"5":[0,0]},"f":{"1":0,"2":0,"3":0,"4":0,"5":0,"6":0},"fnMap":{"1":{"name":"(anonymous_1)","line":34,"loc":{"start":{"line":34,"column":13},"end":{"line":34,"column":32}}},"2":{"name":"setPassword","line":43,"loc":{"start":{"line":43,"column":0},"end":{"line":43,"column":27}}},"3":{"name":"setPasswordConfirmation","line":48,"loc":{"start":{"line":48,"column":0},"end":{"line":48,"column":55}}},"4":{"name":"validatePasswordHash","line":52,"loc":{"start":{"line":52,"column":0},"end":{"line":52,"column":32}}},"5":{"name":"validateEmail","line":66,"loc":{"start":{"line":66,"column":0},"end":{"line":66,"column":30}}},"6":{"name":"validatePassword","line":72,"loc":{"start":{"line":72,"column":0},"end":{"line":72,"column":36}}}},"statementMap":{"1":{"start":{"line":1,"column":0},"end":{"line":1,"column":38}},"2":{"start":{"line":2,"column":0},"end":{"line":2,"column":36}},"3":{"start":{"line":3,"column":0},"end":{"line":3,"column":39}},"4":{"start":{"line":6,"column":0},"end":{"line":12,"column":3}},"5":{"start":{"line":14,"column":0},"end":{"line":16,"column":20}},"6":{"start":{"line":18,"column":0},"end":{"line":20,"column":32}},"7":{"start":{"line":22,"column":0},"end":{"line":24,"column":34}},"8":{"start":{"line":26,"column":0},"end":{"line":28,"column":27}},"9":{"start":{"line":31,"column":0},"end":{"line":31,"column":55}},"10":{"start":{"line":33,"column":0},"end":{"line":39,"column":3}},"11":{"start":{"line":35,"column":4},"end":{"line":35,"column":28}},"12":{"start":{"line":36,"column":4},"end":{"line":36,"column":19}},"13":{"start":{"line":37,"column":4},"end":{"line":37,"column":15}},"14":{"start":{"line":41,"column":0},"end":{"line":41,"column":52}},"15":{"start":{"line":43,"column":0},"end":{"line":46,"column":1}},"16":{"start":{"line":44,"column":2},"end":{"line":44,"column":25}},"17":{"start":{"line":45,"column":2},"end":{"line":45,"column":68}},"18":{"start":{"line":48,"column":0},"end":{"line":50,"column":1}},"19":{"start":{"line":49,"column":2},"end":{"line":49,"column":52}},"20":{"start":{"line":52,"column":0},"end":{"line":64,"column":1}},"21":{"start":{"line":53,"column":2},"end":{"line":63,"column":3}},"22":{"start":{"line":54,"column":4},"end":{"line":56,"column":5}},"23":{"start":{"line":55,"column":6},"end":{"line":55,"column":63}},"24":{"start":{"line":57,"column":4},"end":{"line":59,"column":5}},"25":{"start":{"line":58,"column":6},"end":{"line":58,"column":68}},"26":{"start":{"line":60,"column":4},"end":{"line":62,"column":5}},"27":{"start":{"line":61,"column":6},"end":{"line":61,"column":80}},"28":{"start":{"line":66,"column":0},"end":{"line":70,"column":1}},"29":{"start":{"line":67,"column":2},"end":{"line":69,"column":3}},"30":{"start":{"line":68,"column":4},"end":{"line":68,"column":68}},"31":{"start":{"line":72,"column":0},"end":{"line":74,"column":1}},"32":{"start":{"line":73,"column":2},"end":{"line":73,"column":57}}},"branchMap":{"1":{"line":53,"type":"if","locations":[{"start":{"line":53,"column":2},"end":{"line":53,"column":2}},{"start":{"line":53,"column":2},"end":{"line":53,"column":2}}]},"2":{"line":54,"type":"if","locations":[{"start":{"line":54,"column":4},"end":{"line":54,"column":4}},{"start":{"line":54,"column":4},"end":{"line":54,"column":4}}]},"3":{"line":57,"type":"if","locations":[{"start":{"line":57,"column":4},"end":{"line":57,"column":4}},{"start":{"line":57,"column":4},"end":{"line":57,"column":4}}]},"4":{"line":60,"type":"if","locations":[{"start":{"line":60,"column":4},"end":{"line":60,"column":4}},{"start":{"line":60,"column":4},"end":{"line":60,"column":4}}]},"5":{"line":67,"type":"if","locations":[{"start":{"line":67,"column":2},"end":{"line":67,"column":2}},{"start":{"line":67,"column":2},"end":{"line":67,"column":2}}]}}},"/Users/horacekeating/development/wdi-group-project/controllers/users.js":{"path":"/Users/horacekeating/development/wdi-group-project/controllers/users.js","s":{"1":1,"2":1,"3":0,"4":0,"5":0,"6":0,"7":1,"8":0,"9":0,"10":0,"11":0,"12":0,"13":0,"14":1,"15":0,"16":0,"17":0,"18":0,"19":0,"20":0,"21":1,"22":0,"23":0,"24":0,"25":0,"26":0,"27":0,"28":1},"b":{"1":[0,0],"2":[0,0],"3":[0,0],"4":[0,0],"5":[0,0],"6":[0,0],"7":[0,0]},"f":{"1":0,"2":0,"3":0,"4":0},"fnMap":{"1":{"name":"usersIndex","line":4,"loc":{"start":{"line":4,"column":0},"end":{"line":4,"column":30}}},"2":{"name":"usersShow","line":11,"loc":{"start":{"line":11,"column":0},"end":{"line":11,"column":29}}},"3":{"name":"usersUpdate","line":19,"loc":{"start":{"line":19,"column":0},"end":{"line":19,"column":31}}},"4":{"name":"usersDelete","line":27,"loc":{"start":{"line":27,"column":0},"end":{"line":27,"column":31}}}},"statementMap":{"1":{"start":{"line":1,"column":0},"end":{"line":1,"column":39}},"2":{"start":{"line":4,"column":0},"end":{"line":9,"column":1}},"3":{"start":{"line":5,"column":2},"end":{"line":8,"column":5}},"4":{"start":{"line":6,"column":4},"end":{"line":6,"column":78}},"5":{"start":{"line":6,"column":13},"end":{"line":6,"column":78}},"6":{"start":{"line":7,"column":4},"end":{"line":7,"column":39}},"7":{"start":{"line":11,"column":0},"end":{"line":17,"column":1}},"8":{"start":{"line":12,"column":2},"end":{"line":16,"column":5}},"9":{"start":{"line":13,"column":4},"end":{"line":13,"column":78}},"10":{"start":{"line":13,"column":13},"end":{"line":13,"column":78}},"11":{"start":{"line":14,"column":4},"end":{"line":14,"column":73}},"12":{"start":{"line":14,"column":15},"end":{"line":14,"column":73}},"13":{"start":{"line":15,"column":4},"end":{"line":15,"column":38}},"14":{"start":{"line":19,"column":0},"end":{"line":25,"column":1}},"15":{"start":{"line":20,"column":2},"end":{"line":24,"column":5}},"16":{"start":{"line":21,"column":4},"end":{"line":21,"column":79}},"17":{"start":{"line":21,"column":13},"end":{"line":21,"column":79}},"18":{"start":{"line":22,"column":4},"end":{"line":22,"column":75}},"19":{"start":{"line":22,"column":15},"end":{"line":22,"column":75}},"20":{"start":{"line":23,"column":4},"end":{"line":23,"column":38}},"21":{"start":{"line":27,"column":0},"end":{"line":33,"column":1}},"22":{"start":{"line":28,"column":2},"end":{"line":32,"column":5}},"23":{"start":{"line":29,"column":4},"end":{"line":29,"column":79}},"24":{"start":{"line":29,"column":13},"end":{"line":29,"column":79}},"25":{"start":{"line":30,"column":4},"end":{"line":30,"column":75}},"26":{"start":{"line":30,"column":15},"end":{"line":30,"column":75}},"27":{"start":{"line":31,"column":4},"end":{"line":31,"column":31}},"28":{"start":{"line":36,"column":0},"end":{"line":41,"column":2}}},"branchMap":{"1":{"line":6,"type":"if","locations":[{"start":{"line":6,"column":4},"end":{"line":6,"column":4}},{"start":{"line":6,"column":4},"end":{"line":6,"column":4}}]},"2":{"line":13,"type":"if","locations":[{"start":{"line":13,"column":4},"end":{"line":13,"column":4}},{"start":{"line":13,"column":4},"end":{"line":13,"column":4}}]},"3":{"line":14,"type":"if","locations":[{"start":{"line":14,"column":4},"end":{"line":14,"column":4}},{"start":{"line":14,"column":4},"end":{"line":14,"column":4}}]},"4":{"line":21,"type":"if","locations":[{"start":{"line":21,"column":4},"end":{"line":21,"column":4}},{"start":{"line":21,"column":4},"end":{"line":21,"column":4}}]},"5":{"line":22,"type":"if","locations":[{"start":{"line":22,"column":4},"end":{"line":22,"column":4}},{"start":{"line":22,"column":4},"end":{"line":22,"column":4}}]},"6":{"line":29,"type":"if","locations":[{"start":{"line":29,"column":4},"end":{"line":29,"column":4}},{"start":{"line":29,"column":4},"end":{"line":29,"column":4}}]},"7":{"line":30,"type":"if","locations":[{"start":{"line":30,"column":4},"end":{"line":30,"column":4}},{"start":{"line":30,"column":4},"end":{"line":30,"column":4}}]}}}}