TN:
SF:/Users/didrikforsberg/development/wdi-group-project/index.js
FN:33,jwtErrorHandler
FNF:1
FNH:0
FNDA:0,jwtErrorHandler
DA:1,1
DA:2,1
DA:3,1
DA:4,1
DA:5,1
DA:6,1
DA:7,1
DA:8,1
DA:9,1
DA:10,1
DA:11,1
DA:12,1
DA:13,1
DA:16,1
DA:18,1
DA:19,1
DA:20,1
DA:21,1
DA:22,1
DA:25,1
DA:31,1
DA:33,1
DA:34,0
DA:35,0
DA:38,1
DA:39,1
DA:41,1
DA:43,1
LF:28
LH:26
BRDA:2,1,0,1
BRDA:2,1,1,1
BRDA:34,2,0,0
BRDA:34,2,1,0
BRF:4
BRH:2
end_of_record
TN:
SF:/Users/didrikforsberg/development/wdi-group-project/config/env.js
FNF:0
FNH:0
DA:1,1
LF:1
LH:1
BRDA:6,1,0,1
BRDA:6,1,1,1
BRDA:8,2,0,1
BRDA:8,2,1,1
BRF:4
BRH:4
end_of_record
TN:
SF:/Users/didrikforsberg/development/wdi-group-project/config/routes.js
FNF:0
FNH:0
DA:1,1
DA:2,1
DA:3,1
DA:4,1
DA:5,1
DA:6,1
DA:8,1
DA:12,1
DA:17,1
DA:19,1
DA:22,1
DA:25,1
DA:30,1
DA:34,1
DA:40,1
LF:15
LH:15
BRF:0
BRH:0
end_of_record
TN:
SF:/Users/didrikforsberg/development/wdi-group-project/controllers/tasks.js
FN:3,taskIndex
FN:14,taskShow
FN:31,taskCreate
FN:39,taskUpdate
FN:48,taskDelete
FNF:5
FNH:1
FNDA:6,taskIndex
FNDA:0,taskShow
FNDA:0,taskCreate
FNDA:0,taskUpdate
FNDA:0,taskDelete
DA:1,1
DA:3,1
DA:4,6
DA:9,6
DA:14,1
DA:15,0
DA:20,0
DA:21,0
DA:22,0
DA:23,0
DA:25,0
DA:31,1
DA:32,0
DA:33,0
DA:34,0
DA:35,0
DA:39,1
DA:40,0
DA:42,0
DA:43,0
DA:44,0
DA:48,1
DA:49,0
DA:51,0
DA:52,0
DA:53,0
DA:57,1
LF:27
LH:9
BRDA:20,1,0,0
BRDA:20,1,1,0
BRDA:34,2,0,0
BRDA:34,2,1,0
BRDA:42,3,0,0
BRDA:42,3,1,0
BRDA:43,4,0,0
BRDA:43,4,1,0
BRDA:51,5,0,0
BRDA:51,5,1,0
BRDA:52,6,0,0
BRDA:52,6,1,0
BRF:12
BRH:0
end_of_record
TN:
SF:/Users/didrikforsberg/development/wdi-group-project/models/task.js
FNF:0
FNH:0
DA:1,1
DA:3,1
DA:30,1
LF:3
LH:3
BRF:0
BRH:0
end_of_record
TN:
SF:/Users/didrikforsberg/development/wdi-group-project/controllers/authentications.js
FN:6,authenticationsRegister
FN:20,authenticationsLogin
FNF:2
FNH:2
FNDA:22,authenticationsRegister
FNDA:4,authenticationsLogin
DA:1,1
DA:2,1
DA:3,1
DA:6,1
DA:7,22
DA:8,22
DA:9,0
DA:10,0
DA:12,22
DA:13,22
DA:20,1
DA:21,4
DA:22,4
DA:23,4
DA:24,0
DA:27,4
DA:29,4
DA:38,1
LF:18
LH:15
BRDA:8,1,0,0
BRDA:8,1,1,22
BRDA:22,2,0,0
BRDA:22,2,1,4
BRDA:23,3,0,0
BRDA:23,3,1,4
BRDA:23,4,0,4
BRDA:23,4,1,4
BRF:8
BRH:5
end_of_record
TN:
SF:/Users/didrikforsberg/development/wdi-group-project/models/user.js
FN:36,(anonymous_1)
FN:45,setPassword
FN:50,setPasswordConfirmation
FN:54,validatePasswordHash
FN:68,validateEmail
FN:74,validatePassword
FNF:6
FNH:6
FNDA:34,(anonymous_1)
FNDA:22,setPassword
FNDA:22,setPasswordConfirmation
FNDA:22,validatePasswordHash
FNDA:22,validateEmail
FNDA:4,validatePassword
DA:1,1
DA:2,1
DA:3,1
DA:6,1
DA:16,1
DA:20,1
DA:24,1
DA:28,1
DA:33,1
DA:35,1
DA:37,34
DA:38,34
DA:39,34
DA:43,1
DA:45,1
DA:46,22
DA:47,22
DA:50,1
DA:51,22
DA:54,1
DA:55,22
DA:56,22
DA:57,0
DA:59,22
DA:60,0
DA:62,22
DA:63,0
DA:68,1
DA:69,22
DA:70,0
DA:74,1
DA:75,4
LF:32
LH:28
BRDA:55,1,0,22
BRDA:55,1,1,0
BRDA:56,2,0,0
BRDA:56,2,1,22
BRDA:59,3,0,0
BRDA:59,3,1,22
BRDA:62,4,0,0
BRDA:62,4,1,22
BRDA:69,5,0,0
BRDA:69,5,1,22
BRF:10
BRH:5
end_of_record
TN:
SF:/Users/didrikforsberg/development/wdi-group-project/controllers/users.js
FN:4,usersIndex
FN:11,usersShow
FN:19,usersUpdate
FN:27,usersDelete
FNF:4
FNH:4
FNDA:4,usersIndex
FNDA:2,usersShow
FNDA:2,usersUpdate
FNDA:1,usersDelete
DA:1,1
DA:4,1
DA:5,4
DA:6,4
DA:7,4
DA:11,1
DA:12,2
DA:13,2
DA:14,2
DA:15,2
DA:19,1
DA:20,2
DA:21,2
DA:22,2
DA:23,2
DA:27,1
DA:28,1
DA:29,1
DA:30,1
DA:31,1
DA:36,1
LF:21
LH:21
BRDA:6,1,0,0
BRDA:6,1,1,4
BRDA:13,2,0,0
BRDA:13,2,1,2
BRDA:14,3,0,0
BRDA:14,3,1,2
BRDA:21,4,0,0
BRDA:21,4,1,2
BRDA:22,5,0,0
BRDA:22,5,1,2
BRDA:29,6,0,0
BRDA:29,6,1,1
BRDA:30,7,0,0
BRDA:30,7,1,1
BRF:14
BRH:7
end_of_record
TN:
SF:/Users/didrikforsberg/development/wdi-group-project/controllers/charities.js
FN:3,charityIndex
FN:13,charityShow
FN:28,charityCreate
FN:36,charityUpdate
FN:45,charityDelete
FNF:5
FNH:0
FNDA:0,charityIndex
FNDA:0,charityShow
FNDA:0,charityCreate
FNDA:0,charityUpdate
FNDA:0,charityDelete
DA:1,1
DA:3,1
DA:4,0
DA:8,0
DA:13,1
DA:14,0
DA:18,0
DA:19,0
DA:20,0
DA:21,0
DA:23,0
DA:28,1
DA:29,0
DA:30,0
DA:31,0
DA:32,0
DA:36,1
DA:37,0
DA:39,0
DA:40,0
DA:41,0
DA:45,1
DA:46,0
DA:48,0
DA:49,0
DA:50,0
DA:54,1
LF:27
LH:7
BRDA:18,1,0,0
BRDA:18,1,1,0
BRDA:31,2,0,0
BRDA:31,2,1,0
BRDA:39,3,0,0
BRDA:39,3,1,0
BRDA:40,4,0,0
BRDA:40,4,1,0
BRDA:48,5,0,0
BRDA:48,5,1,0
BRDA:49,6,0,0
BRDA:49,6,1,0
BRF:12
BRH:0
end_of_record
TN:
SF:/Users/didrikforsberg/development/wdi-group-project/models/charity.js
FNF:0
FNH:0
DA:1,1
DA:3,1
DA:10,1
LF:3
LH:3
BRF:0
BRH:0
end_of_record
