TN:
SF:/Users/horacekeating/development/wdi-group-project/index.js
FN:36,jwtErrorHandler
FNF:1
FNH:0
FNDA:0,jwtErrorHandler
DA:1,1
DA:2,1
DA:3,1
DA:4,1
DA:5,1
DA:6,1
DA:7,1
DA:8,1
DA:9,1
DA:10,1
DA:11,1
DA:14,1
DA:16,1
DA:17,1
DA:18,1
DA:19,1
DA:27,1
DA:34,1
DA:36,1
DA:37,0
DA:38,0
DA:47,1
DA:48,1
DA:50,1
DA:52,1
LF:25
LH:23
BRDA:2,1,0,1
BRDA:2,1,1,1
BRDA:37,2,0,0
BRDA:37,2,1,0
BRF:4
BRH:2
end_of_record
TN:
SF:/Users/horacekeating/development/wdi-group-project/config/env.js
FNF:0
FNH:0
DA:1,1
LF:1
LH:1
BRDA:4,1,0,1
BRDA:4,1,1,1
BRF:2
BRH:2
end_of_record
TN:
SF:/Users/horacekeating/development/wdi-group-project/config/routes.js
FNF:0
FNH:0
DA:1,1
DA:2,1
DA:3,1
DA:4,1
DA:5,1
DA:7,1
DA:16,1
DA:18,1
DA:21,1
DA:24,1
DA:30,1
LF:11
LH:11
BRF:0
BRH:0
end_of_record
TN:
SF:/Users/horacekeating/development/wdi-group-project/controllers/tasks.js
FN:3,taskIndex
FN:13,taskShow
FN:29,taskCreate
FN:37,taskUpdate
FN:46,taskDelete
FNF:5
FNH:0
FNDA:0,taskIndex
FNDA:0,taskShow
FNDA:0,taskCreate
FNDA:0,taskUpdate
FNDA:0,taskDelete
DA:1,1
DA:3,1
DA:4,0
DA:8,0
DA:13,1
DA:14,0
DA:18,0
DA:19,0
DA:20,0
DA:21,0
DA:23,0
DA:29,1
DA:30,0
DA:31,0
DA:32,0
DA:33,0
DA:37,1
DA:38,0
DA:40,0
DA:41,0
DA:42,0
DA:46,1
DA:47,0
DA:49,0
DA:50,0
DA:51,0
DA:55,1
LF:27
LH:7
BRDA:18,1,0,0
BRDA:18,1,1,0
BRDA:32,2,0,0
BRDA:32,2,1,0
BRDA:40,3,0,0
BRDA:40,3,1,0
BRDA:41,4,0,0
BRDA:41,4,1,0
BRDA:49,5,0,0
BRDA:49,5,1,0
BRDA:50,6,0,0
BRDA:50,6,1,0
BRF:12
BRH:0
end_of_record
TN:
SF:/Users/horacekeating/development/wdi-group-project/models/task.js
FN:17,convertToDecimal
FN:21,convertFromDecimal
FNF:2
FNH:0
FNDA:0,convertToDecimal
FNDA:0,convertFromDecimal
DA:1,1
DA:3,1
DA:12,1
DA:17,1
DA:18,0
DA:21,1
DA:22,0
DA:24,1
LF:8
LH:6
BRF:0
BRH:0
end_of_record
TN:
SF:/Users/horacekeating/development/wdi-group-project/controllers/authentications.js
FN:6,authenticationsRegister
FN:18,authenticationsLogin
FNF:2
FNH:0
FNDA:0,authenticationsRegister
FNDA:0,authenticationsLogin
DA:1,1
DA:2,1
DA:3,1
DA:6,1
DA:7,0
DA:8,0
DA:10,0
DA:11,0
DA:18,1
DA:19,0
DA:20,0
DA:21,0
DA:22,0
DA:25,0
DA:27,0
DA:36,1
LF:16
LH:6
BRDA:8,1,0,0
BRDA:8,1,1,0
BRDA:20,2,0,0
BRDA:20,2,1,0
BRDA:21,3,0,0
BRDA:21,3,1,0
BRDA:21,4,0,0
BRDA:21,4,1,0
BRF:8
BRH:0
end_of_record
TN:
SF:/Users/horacekeating/development/wdi-group-project/models/user.js
FN:34,(anonymous_1)
FN:43,setPassword
FN:48,setPasswordConfirmation
FN:52,validatePasswordHash
FN:66,validateEmail
FN:72,validatePassword
FNF:6
FNH:0
FNDA:0,(anonymous_1)
FNDA:0,setPassword
FNDA:0,setPasswordConfirmation
FNDA:0,validatePasswordHash
FNDA:0,validateEmail
FNDA:0,validatePassword
DA:1,1
DA:2,1
DA:3,1
DA:6,1
DA:14,1
DA:18,1
DA:22,1
DA:26,1
DA:31,1
DA:33,1
DA:35,0
DA:36,0
DA:37,0
DA:41,1
DA:43,1
DA:44,0
DA:45,0
DA:48,1
DA:49,0
DA:52,1
DA:53,0
DA:54,0
DA:55,0
DA:57,0
DA:58,0
DA:60,0
DA:61,0
DA:66,1
DA:67,0
DA:68,0
DA:72,1
DA:73,0
LF:32
LH:16
BRDA:53,1,0,0
BRDA:53,1,1,0
BRDA:54,2,0,0
BRDA:54,2,1,0
BRDA:57,3,0,0
BRDA:57,3,1,0
BRDA:60,4,0,0
BRDA:60,4,1,0
BRDA:67,5,0,0
BRDA:67,5,1,0
BRF:10
BRH:0
end_of_record
TN:
SF:/Users/horacekeating/development/wdi-group-project/controllers/users.js
FN:4,usersIndex
FN:11,usersShow
FN:19,usersUpdate
FN:27,usersDelete
FNF:4
FNH:0
FNDA:0,usersIndex
FNDA:0,usersShow
FNDA:0,usersUpdate
FNDA:0,usersDelete
DA:1,1
DA:4,1
DA:5,0
DA:6,0
DA:7,0
DA:11,1
DA:12,0
DA:13,0
DA:14,0
DA:15,0
DA:19,1
DA:20,0
DA:21,0
DA:22,0
DA:23,0
DA:27,1
DA:28,0
DA:29,0
DA:30,0
DA:31,0
DA:36,1
LF:21
LH:6
BRDA:6,1,0,0
BRDA:6,1,1,0
BRDA:13,2,0,0
BRDA:13,2,1,0
BRDA:14,3,0,0
BRDA:14,3,1,0
BRDA:21,4,0,0
BRDA:21,4,1,0
BRDA:22,5,0,0
BRDA:22,5,1,0
BRDA:29,6,0,0
BRDA:29,6,1,0
BRDA:30,7,0,0
BRDA:30,7,1,0
BRF:14
BRH:0
end_of_record
